This file contains any messages produced by compilers while
running configure, to aid debugging if configure makes a mistake.

It was created by configure, which was
generated by GNU Autoconf 2.53.  Invocation command line was

  $ ./configure 

## --------- ##
## Platform. ##
## --------- ##

hostname = frogpond.dynodns.net
uname -m = i586
uname -r = 2.4.18-6mdk
uname -s = Linux
uname -v = #1 Fri Mar 15 02:59:08 CET 2002

/usr/bin/uname -p = unknown
/bin/uname -X     = unknown

/bin/arch              = i586
/usr/bin/arch -k       = unknown
/usr/convex/getsysinfo = unknown
hostinfo               = unknown
/bin/machine           = unknown
/usr/bin/oslevel       = unknown
/bin/universe          = unknown

PATH: /usr/local/bin
PATH: /bin
PATH: /usr/bin
PATH: /usr/X11R6/bin
PATH: /usr/games
PATH: /home/akari/bin


## ----------- ##
## Core tests. ##
## ----------- ##

configure:1241: checking for gcc
configure:1257: found /usr/bin/gcc
configure:1267: result: gcc
configure:1511: checking for C compiler version
configure:1514: gcc --version </dev/null >&5
2.96
configure:1517: $? = 0
configure:1519: gcc -v </dev/null >&5
Reading specs from /usr/lib/gcc-lib/i586-mandrake-linux-gnu/2.96/specs
gcc version 2.96 20000731 (Mandrake Linux 8.2 2.96-0.76mdk)
configure:1522: $? = 0
configure:1524: gcc -V </dev/null >&5
gcc: argument to `-V' is missing
configure:1527: $? = 1
configure:1553: checking for C compiler default output
configure:1556: gcc    conftest.c  >&5
configure:1559: $? = 0
configure:1592: result: a.out
configure:1597: checking whether the C compiler works
configure:1603: ./a.out
configure:1606: $? = 0
configure:1621: result: yes
configure:1628: checking whether we are cross compiling
configure:1630: result: no
configure:1633: checking for suffix of executables
configure:1635: gcc -o conftest    conftest.c  >&5
configure:1638: $? = 0
configure:1660: result: 
configure:1666: checking for suffix of object files
configure:1690: gcc -c   conftest.c >&5
configure:1693: $? = 0
configure:1712: result: o
configure:1716: checking whether we are using the GNU C compiler
configure:1743: gcc -c   conftest.c >&5
configure:1746: $? = 0
configure:1749: test -s conftest.o
configure:1752: $? = 0
configure:1764: result: yes
configure:1770: checking whether gcc accepts -g
configure:1794: gcc -c -g  conftest.c >&5
configure:1797: $? = 0
configure:1800: test -s conftest.o
configure:1803: $? = 0
configure:1813: result: yes
configure:1840: gcc -c -g -O2  conftest.c >&5
conftest.c:2: parse error before `me'
configure:1843: $? = 1
configure: failed program was:
#ifndef __cplusplus
  choke me
#endif
configure:1958: checking how to run the C preprocessor
configure:1984: gcc -E  conftest.c
configure:1990: $? = 0
configure:2017: gcc -E  conftest.c
configure:2013:28: ac_nonexistent.h: No such file or directory
configure:2023: $? = 1
configure: failed program was:
#line 2012 "configure"
#include "confdefs.h"
#include <ac_nonexistent.h>
configure:2060: result: gcc -E
configure:2075: gcc -E  conftest.c
configure:2081: $? = 0
configure:2108: gcc -E  conftest.c
configure:2104:28: ac_nonexistent.h: No such file or directory
configure:2114: $? = 1
configure: failed program was:
#line 2103 "configure"
#include "confdefs.h"
#include <ac_nonexistent.h>
configure:2155: checking for library containing strerror
configure:2188: gcc -o conftest -g -O2   conftest.c  >&5
configure:2191: $? = 0
configure:2194: test -s conftest
configure:2197: $? = 0
configure:2256: result: none required
configure:2264: checking for ANSI C header files
configure:2278: gcc -E  conftest.c
configure:2284: $? = 0
configure:2369: gcc -o conftest -g -O2   conftest.c  >&5
configure:2372: $? = 0
configure:2374: ./conftest
configure:2377: $? = 0
configure:2391: result: yes
configure:2415: checking for sys/types.h
configure:2428: gcc -c -g -O2  conftest.c >&5
configure:2431: $? = 0
configure:2434: test -s conftest.o
configure:2437: $? = 0
configure:2447: result: yes
configure:2415: checking for sys/stat.h
configure:2428: gcc -c -g -O2  conftest.c >&5
configure:2431: $? = 0
configure:2434: test -s conftest.o
configure:2437: $? = 0
configure:2447: result: yes
configure:2415: checking for stdlib.h
configure:2428: gcc -c -g -O2  conftest.c >&5
configure:2431: $? = 0
configure:2434: test -s conftest.o
configure:2437: $? = 0
configure:2447: result: yes
configure:2415: checking for string.h
configure:2428: gcc -c -g -O2  conftest.c >&5
configure:2431: $? = 0
configure:2434: test -s conftest.o
configure:2437: $? = 0
configure:2447: result: yes
configure:2415: checking for memory.h
configure:2428: gcc -c -g -O2  conftest.c >&5
configure:2431: $? = 0
configure:2434: test -s conftest.o
configure:2437: $? = 0
configure:2447: result: yes
configure:2415: checking for strings.h
configure:2428: gcc -c -g -O2  conftest.c >&5
configure:2431: $? = 0
configure:2434: test -s conftest.o
configure:2437: $? = 0
configure:2447: result: yes
configure:2415: checking for inttypes.h
configure:2428: gcc -c -g -O2  conftest.c >&5
configure:2431: $? = 0
configure:2434: test -s conftest.o
configure:2437: $? = 0
configure:2447: result: yes
configure:2415: checking for stdint.h
configure:2428: gcc -c -g -O2  conftest.c >&5
configure:2431: $? = 0
configure:2434: test -s conftest.o
configure:2437: $? = 0
configure:2447: result: yes
configure:2415: checking for unistd.h
configure:2428: gcc -c -g -O2  conftest.c >&5
configure:2431: $? = 0
configure:2434: test -s conftest.o
configure:2437: $? = 0
configure:2447: result: yes
configure:2469: checking minix/config.h usability
configure:2478: gcc -c -g -O2  conftest.c >&5
configure:2506:26: minix/config.h: No such file or directory
configure:2481: $? = 1
configure: failed program was:
#line 2471 "configure"
#include "confdefs.h"
#include <stdio.h>
#if HAVE_SYS_TYPES_H
# include <sys/types.h>
#endif
#if HAVE_SYS_STAT_H
# include <sys/stat.h>
#endif
#if STDC_HEADERS
# include <stdlib.h>
# include <stddef.h>
#else
# if HAVE_STDLIB_H
#  include <stdlib.h>
# endif
#endif
#if HAVE_STRING_H
# if !STDC_HEADERS && HAVE_MEMORY_H
#  include <memory.h>
# endif
# include <string.h>
#endif
#if HAVE_STRINGS_H
# include <strings.h>
#endif
#if HAVE_INTTYPES_H
# include <inttypes.h>
#else
# if HAVE_STDINT_H
#  include <stdint.h>
# endif
#endif
#if HAVE_UNISTD_H
# include <unistd.h>
#endif
#include <minix/config.h>
configure:2496: result: no
configure:2500: checking minix/config.h presence
configure:2507: gcc -E  conftest.c
configure:2503:26: minix/config.h: No such file or directory
configure:2513: $? = 1
configure: failed program was:
#line 2502 "configure"
#include "confdefs.h"
#include <minix/config.h>
configure:2531: result: no
configure:2549: checking for minix/config.h
configure:2556: result: no
configure:2590: checking for flex
configure:2619: result: no
configure:2590: checking for lex
configure:2619: result: no
configure:2629: checking for yywrap in -lfl
configure:2662: gcc -o conftest -g -O2   conftest.c -lfl   >&5
/usr/bin/ld: cannot find -lfl
collect2: ld returned 1 exit status
configure:2665: $? = 1
configure: failed program was:
#line 2636 "configure"
#include "confdefs.h"

/* Override any gcc2 internal prototype to avoid an error.  */
#ifdef __cplusplus
extern "C"
#endif
/* We use char because int might match the return type of a gcc2
   builtin and then its argument prototype would still apply.  */
char yywrap ();
#ifdef F77_DUMMY_MAIN
#  ifdef __cplusplus
     extern "C"
#  endif
   int F77_DUMMY_MAIN() { return 1; }
#endif
int
main ()
{
yywrap ();
  ;
  return 0;
}
configure:2682: result: no
configure:2687: checking for yywrap in -ll
configure:2720: gcc -o conftest -g -O2   conftest.c -ll   >&5
/usr/bin/ld: cannot find -ll
collect2: ld returned 1 exit status
configure:2723: $? = 1
configure: failed program was:
#line 2694 "configure"
#include "confdefs.h"

/* Override any gcc2 internal prototype to avoid an error.  */
#ifdef __cplusplus
extern "C"
#endif
/* We use char because int might match the return type of a gcc2
   builtin and then its argument prototype would still apply.  */
char yywrap ();
#ifdef F77_DUMMY_MAIN
#  ifdef __cplusplus
     extern "C"
#  endif
   int F77_DUMMY_MAIN() { return 1; }
#endif
int
main ()
{
yywrap ();
  ;
  return 0;
}
configure:2740: result: no
configure:2834: checking for bison
configure:2863: result: no
configure:2834: checking for byacc
configure:2863: result: no
configure:3272: checking malloc.h usability
configure:3281: gcc -c -g -O2  conftest.c >&5
configure:3284: $? = 0
configure:3287: test -s conftest.o
configure:3290: $? = 0
configure:3299: result: yes
configure:3303: checking malloc.h presence
configure:3310: gcc -E  conftest.c
configure:3316: $? = 0
configure:3334: result: yes
configure:3352: checking for malloc.h
configure:3359: result: yes
configure:3263: checking for memory.h
configure:3268: result: yes
configure:3263: checking for string.h
configure:3268: result: yes
configure:3263: checking for unistd.h
configure:3268: result: yes
configure:3272: checking sys/resource.h usability
configure:3281: gcc -c -g -O2  conftest.c >&5
configure:3284: $? = 0
configure:3287: test -s conftest.o
configure:3290: $? = 0
configure:3299: result: yes
configure:3303: checking sys/resource.h presence
configure:3310: gcc -E  conftest.c
configure:3316: $? = 0
configure:3334: result: yes
configure:3352: checking for sys/resource.h
configure:3359: result: yes
configure:3272: checking sys/signal.h usability
configure:3281: gcc -c -g -O2  conftest.c >&5
configure:3284: $? = 0
configure:3287: test -s conftest.o
configure:3290: $? = 0
configure:3299: result: yes
configure:3303: checking sys/signal.h presence
configure:3310: gcc -E  conftest.c
configure:3316: $? = 0
configure:3334: result: yes
configure:3352: checking for sys/signal.h
configure:3359: result: yes
configure:3386: checking sys/time.h usability
configure:3395: gcc -c -g -O2  conftest.c >&5
configure:3398: $? = 0
configure:3401: test -s conftest.o
configure:3404: $? = 0
configure:3413: result: yes
configure:3417: checking sys/time.h presence
configure:3424: gcc -E  conftest.c
configure:3430: $? = 0
configure:3448: result: yes
configure:3466: checking for sys/time.h
configure:3473: result: yes
configure:3486: checking for ANSI C header files
configure:3613: result: yes
configure:3631: checking for dirent.h that defines DIR
configure:3658: gcc -c -g -O2  conftest.c >&5
configure:3661: $? = 0
configure:3664: test -s conftest.o
configure:3667: $? = 0
configure:3677: result: yes
configure:3690: checking for library containing opendir
configure:3723: gcc -o conftest -g -O2   conftest.c  >&5
configure:3726: $? = 0
configure:3729: test -s conftest
configure:3732: $? = 0
configure:3791: result: none required
configure:3909: checking whether time.h and sys/time.h may both be included
configure:3937: gcc -c -g -O2  conftest.c >&5
configure:3940: $? = 0
configure:3943: test -s conftest.o
configure:3946: $? = 0
configure:3956: result: yes
configure:3998: checking for main in -lm
configure:4025: gcc -o conftest -g -O2   conftest.c -lm   >&5
configure:4028: $? = 0
configure:4031: test -s conftest
configure:4034: $? = 0
configure:4045: result: yes
configure:4052: checking for main in -lsocket
configure:4079: gcc -o conftest -g -O2   conftest.c -lsocket   -lm >&5
/usr/bin/ld: cannot find -lsocket
collect2: ld returned 1 exit status
configure:4082: $? = 1
configure: failed program was:
#line 4059 "configure"
#include "confdefs.h"


#ifdef F77_DUMMY_MAIN
#  ifdef __cplusplus
     extern "C"
#  endif
   int F77_DUMMY_MAIN() { return 1; }
#endif
int
main ()
{
main ();
  ;
  return 0;
}
configure:4099: result: no
configure:4106: checking for main in -lnsl
configure:4133: gcc -o conftest -g -O2   conftest.c -lnsl   -lm >&5
configure:4136: $? = 0
configure:4139: test -s conftest
configure:4142: $? = 0
configure:4153: result: yes
configure:4164: checking for vprintf
configure:4207: gcc -o conftest -g -O2   conftest.c  -lm -lnsl >&5
configure:4210: $? = 0
configure:4213: test -s conftest
configure:4216: $? = 0
configure:4226: result: yes
configure:4233: checking for _doprnt
configure:4276: gcc -o conftest -g -O2   conftest.c  -lm -lnsl >&5
/tmp/cchhFkIi.o: In function `main':
/home/akari/proto/src/configure:4266: undefined reference to `_doprnt'
collect2: ld returned 1 exit status
configure:4279: $? = 1
configure: failed program was:
#line 4238 "configure"
#include "confdefs.h"
/* System header to define __stub macros and hopefully few prototypes,
    which can conflict with char _doprnt (); below.  */
#include <assert.h>
/* Override any gcc2 internal prototype to avoid an error.  */
#ifdef __cplusplus
extern "C"
#endif
/* We use char because int might match the return type of a gcc2
   builtin and then its argument prototype would still apply.  */
char _doprnt ();
char (*f) ();

#ifdef F77_DUMMY_MAIN
#  ifdef __cplusplus
     extern "C"
#  endif
   int F77_DUMMY_MAIN() { return 1; }
#endif
int
main ()
{
/* The GNU C library defines this for functions which it implements
    to always fail with ENOSYS.  Some functions are actually named
    something starting with __ and the normal name is an alias.  */
#if defined (__stub__doprnt) || defined (__stub____doprnt)
choke me
#else
f = _doprnt;
#endif

  ;
  return 0;
}
configure:4295: result: no
configure:4316: checking for mallinfo
configure:4359: gcc -o conftest -g -O2   conftest.c  -lm -lnsl >&5
configure:4362: $? = 0
configure:4365: test -s conftest
configure:4368: $? = 0
configure:4378: result: yes
configure:4316: checking for getrlimit
configure:4359: gcc -o conftest -g -O2   conftest.c  -lm -lnsl >&5
configure:4362: $? = 0
configure:4365: test -s conftest
configure:4368: $? = 0
configure:4378: result: yes
configure:4316: checking for getrusage
configure:4359: gcc -o conftest -g -O2   conftest.c  -lm -lnsl >&5
configure:4362: $? = 0
configure:4365: test -s conftest
configure:4368: $? = 0
configure:4378: result: yes
configure:4316: checking for random
configure:4359: gcc -o conftest -g -O2   conftest.c  -lm -lnsl >&5
configure:4362: $? = 0
configure:4365: test -s conftest
configure:4368: $? = 0
configure:4378: result: yes
configure:4389: checking for pid_t
configure:4416: gcc -c -g -O2  conftest.c >&5
configure:4419: $? = 0
configure:4422: test -s conftest.o
configure:4425: $? = 0
configure:4435: result: yes
configure:4447: checking for size_t
configure:4474: gcc -c -g -O2  conftest.c >&5
configure:4477: $? = 0
configure:4480: test -s conftest.o
configure:4483: $? = 0
configure:4493: result: yes
configure:4505: checking return type of signal handlers
configure:4539: gcc -c -g -O2  conftest.c >&5
configure:4542: $? = 0
configure:4545: test -s conftest.o
configure:4548: $? = 0
configure:4558: result: void
configure:4566: checking whether struct tm is in sys/time.h or time.h
configure:4592: gcc -c -g -O2  conftest.c >&5
configure:4595: $? = 0
configure:4598: test -s conftest.o
configure:4601: $? = 0
configure:4611: result: time.h
configure:4621: checking for struct tm.tm_zone
configure:4650: gcc -c -g -O2  conftest.c >&5
configure:4653: $? = 0
configure:4656: test -s conftest.o
configure:4659: $? = 0
configure:4669: result: yes
configure:4746: checking for gcc option to accept ANSI C
configure:4809: gcc  -c -g -O2  conftest.c >&5
configure:4812: $? = 0
configure:4815: test -s conftest.o
configure:4818: $? = 0
configure:4835: result: none needed
configure:4843: checking for an ANSI C-conforming const
configure:4913: gcc -c -g -O2  conftest.c >&5
configure:4916: $? = 0
configure:4919: test -s conftest.o
configure:4922: $? = 0
configure:4932: result: yes
configure:4942: checking for inline
configure:4959: gcc -c -g -O2  conftest.c >&5
configure:4962: $? = 0
configure:4965: test -s conftest.o
configure:4968: $? = 0
configure:4979: result: inline
configure:5082: creating ./config.status

## ---------------------- ##
## Running config.status. ##
## ---------------------- ##

This file was extended by config.status, which was
generated by GNU Autoconf 2.53.  Invocation command line was

  CONFIG_FILES    = 
  CONFIG_HEADERS  = 
  CONFIG_LINKS    = 
  CONFIG_COMMANDS = 
  $ ./config.status 

on frogpond.dynodns.net

config.status:563: creating Makefile
config.status:666: creating inc/autoconf.h

## ---------------- ##
## Cache variables. ##
## ---------------- ##

ac_cv_c_compiler_gnu=yes
ac_cv_c_const=yes
ac_cv_c_inline=inline
ac_cv_env_CC_set=
ac_cv_env_CC_value=
ac_cv_env_CFLAGS_set=
ac_cv_env_CFLAGS_value=
ac_cv_env_CPPFLAGS_set=
ac_cv_env_CPPFLAGS_value=
ac_cv_env_CPP_set=
ac_cv_env_CPP_value=
ac_cv_env_LDFLAGS_set=
ac_cv_env_LDFLAGS_value=
ac_cv_env_build_alias_set=
ac_cv_env_build_alias_value=
ac_cv_env_host_alias_set=
ac_cv_env_host_alias_value=
ac_cv_env_target_alias_set=
ac_cv_env_target_alias_value=
ac_cv_exeext=
ac_cv_func__doprnt=no
ac_cv_func_getrlimit=yes
ac_cv_func_getrusage=yes
ac_cv_func_mallinfo=yes
ac_cv_func_random=yes
ac_cv_func_vprintf=yes
ac_cv_header_dirent_dirent_h=yes
ac_cv_header_inttypes_h=yes
ac_cv_header_malloc_h=yes
ac_cv_header_memory_h=yes
ac_cv_header_minix_config_h=no
ac_cv_header_stdc=yes
ac_cv_header_stdint_h=yes
ac_cv_header_stdlib_h=yes
ac_cv_header_string_h=yes
ac_cv_header_strings_h=yes
ac_cv_header_sys_resource_h=yes
ac_cv_header_sys_signal_h=yes
ac_cv_header_sys_stat_h=yes
ac_cv_header_sys_time_h=yes
ac_cv_header_sys_types_h=yes
ac_cv_header_time=yes
ac_cv_header_unistd_h=yes
ac_cv_lib_fl_yywrap=no
ac_cv_lib_l_yywrap=no
ac_cv_lib_m=ac_cv_lib_m_main
ac_cv_lib_m_main=yes
ac_cv_lib_nsl=ac_cv_lib_nsl_main
ac_cv_lib_nsl_main=yes
ac_cv_lib_socket=ac_cv_lib_socket_main
ac_cv_lib_socket_main=no
ac_cv_member_struct_tm_tm_zone=yes
ac_cv_objext=o
ac_cv_prog_CPP=$'gcc -E'
ac_cv_prog_ac_ct_CC=gcc
ac_cv_prog_cc_g=yes
ac_cv_prog_cc_stdc=
ac_cv_search_opendir=$'none required'
ac_cv_search_strerror=$'none required'
ac_cv_struct_tm=time.h
ac_cv_type_pid_t=yes
ac_cv_type_signal=void
ac_cv_type_size_t=yes

## ----------- ##
## confdefs.h. ##
## ----------- ##

#define PACKAGE_NAME ""
#define PACKAGE_TARNAME ""
#define PACKAGE_VERSION ""
#define PACKAGE_STRING ""
#define PACKAGE_BUGREPORT ""
#define STDC_HEADERS 1
#define HAVE_SYS_TYPES_H 1
#define HAVE_SYS_STAT_H 1
#define HAVE_STDLIB_H 1
#define HAVE_STRING_H 1
#define HAVE_MEMORY_H 1
#define HAVE_STRINGS_H 1
#define HAVE_INTTYPES_H 1
#define HAVE_STDINT_H 1
#define HAVE_UNISTD_H 1
#define HAVE_MALLOC_H 1
#define HAVE_MEMORY_H 1
#define HAVE_STRING_H 1
#define HAVE_UNISTD_H 1
#define HAVE_SYS_RESOURCE_H 1
#define HAVE_SYS_SIGNAL_H 1
#define HAVE_SYS_TIME_H 1
#define STDC_HEADERS 1
#define HAVE_DIRENT_H 1
#define TIME_WITH_SYS_TIME 1
#define HAVE_VPRINTF 1
#define HAVE_MALLINFO 1
#define HAVE_GETRLIMIT 1
#define HAVE_GETRUSAGE 1
#define HAVE_RANDOM 1
#define RETSIGTYPE void
#define HAVE_STRUCT_TM_TM_ZONE 1
#define HAVE_TM_ZONE 1
#define UNAME_VALUE "Linux frogpond.dynodns.net 2.4.18-6mdk #1 Fri Mar 15 02:59:08 CET 2002 i586 unknown"

configure: exit 0
